2020-04-21 01:18:48.139  INFO 868 --- [main] com.jjunpro.project.Application          : Starting Application on gimminseog-ui-MacBookPro.local with PID 868 (/Users/kimminseok/git-repository/jjunpro-portfolio/project/back-end/build/classes/java/main started by kimminseok in /Users/kimminseok/git-repository/jjunpro-portfolio/project/back-end)
2020-04-21 01:18:48.147  INFO 868 --- [main] com.jjunpro.project.Application          : The following profiles are active: prod
2020-04-21 01:18:48.993  INFO 868 --- [main] .s.d.r.c.RepositoryConfigurationDelegate : Bootstrapping Spring Data JPA repositories in DEFAULT mode.
2020-04-21 01:18:49.095  INFO 868 --- [main] .s.d.r.c.RepositoryConfigurationDelegate : Finished Spring Data repository scanning in 93ms. Found 7 JPA repository interfaces.
2020-04-21 01:18:49.426  INFO 868 --- [main] trationDelegate$BeanPostProcessorChecker : Bean 'org.springframework.transaction.annotation.ProxyTransactionManagementConfiguration' of type [org.springframework.transaction.annotation.ProxyTransactionManagementConfiguration] is not eligible for getting processed by all BeanPostProcessors (for example: not eligible for auto-proxying)
2020-04-21 01:18:49.737  INFO 868 --- [main] o.s.b.w.embedded.tomcat.TomcatWebServer  : Tomcat initialized with port(s): 8082 (http)
2020-04-21 01:18:49.743  INFO 868 --- [main] o.apache.catalina.core.StandardService   : Starting service [Tomcat]
2020-04-21 01:18:49.744  INFO 868 --- [main] org.apache.catalina.core.StandardEngine  : Starting Servlet engine: [Apache Tomcat/9.0.30]
2020-04-21 01:18:49.821  INFO 868 --- [main] o.a.c.c.C.[Tomcat].[localhost].[/]       : Initializing Spring embedded WebApplicationContext
2020-04-21 01:18:49.821  INFO 868 --- [main] o.s.web.context.ContextLoader            : Root WebApplicationContext: initialization completed in 1614 ms
2020-04-21 01:18:49.986  INFO 868 --- [main] o.hibernate.jpa.internal.util.LogHelper  : HHH000204: Processing PersistenceUnitInfo [name: default]
2020-04-21 01:18:50.057  INFO 868 --- [main] org.hibernate.Version                    : HHH000412: Hibernate Core {5.4.10.Final}
2020-04-21 01:18:50.170  INFO 868 --- [main] o.hibernate.annotations.common.Version   : HCANN000001: Hibernate Commons Annotations {5.1.0.Final}
2020-04-21 01:18:50.248  INFO 868 --- [main] com.zaxxer.hikari.HikariDataSource       : HikariPool-1 - Starting...
2020-04-21 01:18:50.325  INFO 868 --- [main] com.zaxxer.hikari.HikariDataSource       : HikariPool-1 - Start completed.
2020-04-21 01:18:50.341  INFO 868 --- [main] org.hibernate.dialect.Dialect            : HHH000400: Using dialect: org.hibernate.dialect.PostgreSQL10Dialect
2020-04-21 01:18:51.197  WARN 868 --- [main] o.h.engine.jdbc.spi.SqlExceptionHelper   : SQL Warning Code: 0, SQLState: 00000
2020-04-21 01:18:51.197  WARN 868 --- [main] o.h.engine.jdbc.spi.SqlExceptionHelper   : constraint "uk_q0uja26qgu1atulenwup9rxyr" of relation "account" does not exist, skipping
2020-04-21 01:18:51.199  WARN 868 --- [main] o.h.engine.jdbc.spi.SqlExceptionHelper   : SQL Warning Code: 0, SQLState: 00000
2020-04-21 01:18:51.200  WARN 868 --- [main] o.h.engine.jdbc.spi.SqlExceptionHelper   : constraint "uk_s2a5omeaik0sruawqpvs18qfk" of relation "account" does not exist, skipping
2020-04-21 01:18:51.201  WARN 868 --- [main] o.h.engine.jdbc.spi.SqlExceptionHelper   : SQL Warning Code: 0, SQLState: 00000
2020-04-21 01:18:51.201  WARN 868 --- [main] o.h.engine.jdbc.spi.SqlExceptionHelper   : constraint "uk_gex1lmaqpg0ir5g1f5eftyaa1" of relation "account" does not exist, skipping
2020-04-21 01:18:51.225  INFO 868 --- [main] o.h.e.t.j.p.i.JtaPlatformInitiator       : HHH000490: Using JtaPlatform implementation: [org.hibernate.engine.transaction.jta.platform.internal.NoJtaPlatform]
2020-04-21 01:18:51.230  INFO 868 --- [main] j.LocalContainerEntityManagerFactoryBean : Initialized JPA EntityManagerFactory for persistence unit 'default'
2020-04-21 01:18:51.791  WARN 868 --- [main] JpaBaseConfiguration$JpaWebConfiguration : spring.jpa.open-in-view is enabled by default. Therefore, database queries may be performed during view rendering. Explicitly configure spring.jpa.open-in-view to disable this warning
2020-04-21 01:19:57.194  INFO 911 --- [main] com.jjunpro.project.Application          : Starting Application on gimminseog-ui-MacBookPro.local with PID 911 (/Users/kimminseok/git-repository/jjunpro-portfolio/project/back-end/build/classes/java/main started by kimminseok in /Users/kimminseok/git-repository/jjunpro-portfolio/project/back-end)
2020-04-21 01:19:57.196  INFO 911 --- [main] com.jjunpro.project.Application          : The following profiles are active: prod
2020-04-21 01:19:57.796  INFO 911 --- [main] .s.d.r.c.RepositoryConfigurationDelegate : Bootstrapping Spring Data JPA repositories in DEFAULT mode.
2020-04-21 01:19:57.875  INFO 911 --- [main] .s.d.r.c.RepositoryConfigurationDelegate : Finished Spring Data repository scanning in 74ms. Found 7 JPA repository interfaces.
2020-04-21 01:19:58.125  INFO 911 --- [main] trationDelegate$BeanPostProcessorChecker : Bean 'org.springframework.transaction.annotation.ProxyTransactionManagementConfiguration' of type [org.springframework.transaction.annotation.ProxyTransactionManagementConfiguration] is not eligible for getting processed by all BeanPostProcessors (for example: not eligible for auto-proxying)
2020-04-21 01:19:58.359  INFO 911 --- [main] o.s.b.w.embedded.tomcat.TomcatWebServer  : Tomcat initialized with port(s): 8082 (http)
2020-04-21 01:19:58.365  INFO 911 --- [main] o.apache.catalina.core.StandardService   : Starting service [Tomcat]
2020-04-21 01:19:58.366  INFO 911 --- [main] org.apache.catalina.core.StandardEngine  : Starting Servlet engine: [Apache Tomcat/9.0.30]
2020-04-21 01:19:58.465  INFO 911 --- [main] o.a.c.c.C.[Tomcat].[localhost].[/]       : Initializing Spring embedded WebApplicationContext
2020-04-21 01:19:58.466  INFO 911 --- [main] o.s.web.context.ContextLoader            : Root WebApplicationContext: initialization completed in 1239 ms
2020-04-21 01:19:58.610  INFO 911 --- [main] o.hibernate.jpa.internal.util.LogHelper  : HHH000204: Processing PersistenceUnitInfo [name: default]
2020-04-21 01:19:58.657  INFO 911 --- [main] org.hibernate.Version                    : HHH000412: Hibernate Core {5.4.10.Final}
2020-04-21 01:19:58.762  INFO 911 --- [main] o.hibernate.annotations.common.Version   : HCANN000001: Hibernate Commons Annotations {5.1.0.Final}
2020-04-21 01:19:58.839  INFO 911 --- [main] com.zaxxer.hikari.HikariDataSource       : HikariPool-1 - Starting...
2020-04-21 01:19:58.928  INFO 911 --- [main] com.zaxxer.hikari.HikariDataSource       : HikariPool-1 - Start completed.
2020-04-21 01:19:58.943  INFO 911 --- [main] org.hibernate.dialect.Dialect            : HHH000400: Using dialect: org.hibernate.dialect.PostgreSQL10Dialect
2020-04-21 01:19:59.686  INFO 911 --- [main] o.h.e.t.j.p.i.JtaPlatformInitiator       : HHH000490: Using JtaPlatform implementation: [org.hibernate.engine.transaction.jta.platform.internal.NoJtaPlatform]
2020-04-21 01:19:59.690  INFO 911 --- [main] j.LocalContainerEntityManagerFactoryBean : Initialized JPA EntityManagerFactory for persistence unit 'default'
2020-04-21 01:20:00.114  WARN 911 --- [main] JpaBaseConfiguration$JpaWebConfiguration : spring.jpa.open-in-view is enabled by default. Therefore, database queries may be performed during view rendering. Explicitly configure spring.jpa.open-in-view to disable this warning
2020-04-21 01:20:00.482  INFO 911 --- [main] o.s.s.concurrent.ThreadPoolTaskExecutor  : Initializing ExecutorService 'applicationTaskExecutor'
2020-04-21 01:20:00.850  INFO 911 --- [main] o.s.s.web.DefaultSecurityFilterChain     : Creating filter chain: any request, [org.springframework.security.web.context.request.async.WebAsyncManagerIntegrationFilter@3093161a, org.springframework.security.web.context.SecurityContextPersistenceFilter@7dc9b41a, org.springframework.security.web.header.HeaderWriterFilter@5ed463b7, org.springframework.web.filter.CorsFilter@73a88711, com.jjunpro.project.security.filter.FormLoginAuthenticationFilter@5978ba12, com.jjunpro.project.security.filter.JwtAuthenticationFilter@43f5b014, org.springframework.security.web.savedrequest.RequestCacheAwareFilter@2f09907, org.springframework.security.web.servletapi.SecurityContextHolderAwareRequestFilter@188532da, org.springframework.security.web.authentication.AnonymousAuthenticationFilter@6b7e4db6, org.springframework.security.web.session.SessionManagementFilter@3b62c51e, org.springframework.security.web.access.ExceptionTranslationFilter@742aa00a, org.springframework.security.web.access.intercept.FilterSecurityInterceptor@55849272]
2020-04-21 01:20:00.945  INFO 911 --- [main] o.s.b.w.embedded.tomcat.TomcatWebServer  : Tomcat started on port(s): 8082 (http) with context path ''
2020-04-21 01:20:00.951  INFO 911 --- [main] com.jjunpro.project.Application          : Started Application in 3.998 seconds (JVM running for 4.778)
2020-04-21 01:21:21.667  INFO 911 --- [SpringContextShutdownHook] o.s.s.concurrent.ThreadPoolTaskExecutor  : Shutting down ExecutorService 'applicationTaskExecutor'
2020-04-21 01:21:21.669  INFO 911 --- [SpringContextShutdownHook] j.LocalContainerEntityManagerFactoryBean : Closing JPA EntityManagerFactory for persistence unit 'default'
2020-04-21 01:21:21.671  INFO 911 --- [SpringContextShutdownHook] com.zaxxer.hikari.HikariDataSource       : HikariPool-1 - Shutdown initiated...
2020-04-21 01:21:21.677  INFO 911 --- [SpringContextShutdownHook] com.zaxxer.hikari.HikariDataSource       : HikariPool-1 - Shutdown completed.
